2021-04-16 14:46:13,444 - logs\\log_file_data_analyis - INFO - Initialize logger
2021-04-16 14:46:13,445 - logs\\log_file_data_analyis - INFO - Load data
2021-04-16 14:46:13,774 - logs\\log_file_data_analyis - INFO - Check NaN values
2021-04-16 14:46:18,217 - logs\\log_file_data_analyis - INFO - Obtain distribution of frequency of crimes occurence
2021-04-16 14:46:18,218 - logs\\log_file_data_analyis - INFO - OFFENSE_CODE_GROUP
2021-04-16 14:46:19,918 - logs\\log_file_data_analyis - INFO - column value:Motor Vehicle Accident Response frequency of crimes:10.409293820254934
2021-04-16 14:46:19,919 - logs\\log_file_data_analyis - INFO - column value:Larceny frequency of crimes:8.157371053622331
2021-04-16 14:46:19,920 - logs\\log_file_data_analyis - INFO - column value:Medical Assistance frequency of crimes:7.560372183079654
2021-04-16 14:46:19,921 - logs\\log_file_data_analyis - INFO - column value:Investigate Person frequency of crimes:6.392728446189426
2021-04-16 14:46:19,922 - logs\\log_file_data_analyis - INFO - column value:Other frequency of crimes:5.491313935352014
2021-04-16 14:46:19,922 - logs\\log_file_data_analyis - INFO - REPORTING_AREA
2021-04-16 14:46:21,028 - logs\\log_file_data_analyis - INFO - column value:unknown frequency of crimes:0.8024525359006077
2021-04-16 14:46:21,031 - logs\\log_file_data_analyis - INFO - column value:111 frequency of crimes:0.7239283601355349
2021-04-16 14:46:21,033 - logs\\log_file_data_analyis - INFO - column value:117 frequency of crimes:0.63787446888614
2021-04-16 14:46:21,034 - logs\\log_file_data_analyis - INFO - column value:329 frequency of crimes:0.610982627870704
2021-04-16 14:46:21,036 - logs\\log_file_data_analyis - INFO - column value:143 frequency of crimes:0.6002258914645296
2021-04-16 14:46:21,036 - logs\\log_file_data_analyis - INFO - DAY_OF_WEEK
2021-04-16 14:46:21,966 - logs\\log_file_data_analyis - INFO - column value:Friday frequency of crimes:15.263808960361427
2021-04-16 14:46:21,967 - logs\\log_file_data_analyis - INFO - column value:Wednesday frequency of crimes:14.606572365944173
2021-04-16 14:46:21,969 - logs\\log_file_data_analyis - INFO - column value:Thursday frequency of crimes:14.599580487280159
2021-04-16 14:46:21,970 - logs\\log_file_data_analyis - INFO - column value:Tuesday frequency of crimes:14.423707847039209
2021-04-16 14:46:21,972 - logs\\log_file_data_analyis - INFO - column value:Monday frequency of crimes:14.164470499650406
2021-04-16 14:46:21,972 - logs\\log_file_data_analyis - INFO - HOUR
2021-04-16 14:46:22,837 - logs\\log_file_data_analyis - INFO - column value:17.0 frequency of crimes:6.476093153337278
2021-04-16 14:46:22,839 - logs\\log_file_data_analyis - INFO - column value:16.0 frequency of crimes:6.2991448394557095
2021-04-16 14:46:22,840 - logs\\log_file_data_analyis - INFO - column value:18.0 frequency of crimes:6.272790835260582
2021-04-16 14:46:22,842 - logs\\log_file_data_analyis - INFO - column value:12.0 frequency of crimes:5.8629591781853385
2021-04-16 14:46:22,847 - logs\\log_file_data_analyis - INFO - column value:19.0 frequency of crimes:5.612865056741785
2021-04-16 14:46:22,848 - logs\\log_file_data_analyis - INFO - MONTH
2021-04-16 14:46:24,724 - logs\\log_file_data_analyis - INFO - column value:8.0 frequency of crimes:8.96305061044479
2021-04-16 14:46:24,728 - logs\\log_file_data_analyis - INFO - column value:6.0 frequency of crimes:8.805464422094337
2021-04-16 14:46:24,730 - logs\\log_file_data_analyis - INFO - column value:7.0 frequency of crimes:8.785564459742915
2021-04-16 14:46:24,731 - logs\\log_file_data_analyis - INFO - column value:9.0 frequency of crimes:8.681224116603023
2021-04-16 14:46:24,733 - logs\\log_file_data_analyis - INFO - column value:5.0 frequency of crimes:8.658097133329747
